{"/Users/huangyuxiang/Desktop/github/guanyierp/lib/config.js": {"path":"/Users/huangyuxiang/Desktop/github/guanyierp/lib/config.js","statementMap":{"0":{"start":{"line":1,"column":11},"end":{"line":1,"column":24}},"1":{"start":{"line":2,"column":13},"end":{"line":2,"column":28}},"2":{"start":{"line":5,"column":18},"end":{"line":5,"column":22}},"3":{"start":{"line":20,"column":2},"end":{"line":22,"column":3}},"4":{"start":{"line":21,"column":4},"end":{"line":21,"column":23}},"5":{"start":{"line":25,"column":2},"end":{"line":28,"column":3}},"6":{"start":{"line":26,"column":4},"end":{"line":26,"column":37}},"7":{"start":{"line":27,"column":4},"end":{"line":27,"column":23}},"8":{"start":{"line":31,"column":24},"end":{"line":31,"column":26}},"9":{"start":{"line":34,"column":2},"end":{"line":36,"column":3}},"10":{"start":{"line":35,"column":4},"end":{"line":35,"column":57}},"11":{"start":{"line":39,"column":2},"end":{"line":39,"column":72}},"12":{"start":{"line":43,"column":19},"end":{"line":43,"column":32}},"13":{"start":{"line":44,"column":2},"end":{"line":58,"column":3}},"14":{"start":{"line":45,"column":28},"end":{"line":45,"column":65}},"15":{"start":{"line":46,"column":27},"end":{"line":46,"column":70}},"16":{"start":{"line":48,"column":4},"end":{"line":50,"column":5}},"17":{"start":{"line":49,"column":6},"end":{"line":49,"column":41}},"18":{"start":{"line":53,"column":22},"end":{"line":53,"column":46}},"19":{"start":{"line":54,"column":4},"end":{"line":56,"column":5}},"20":{"start":{"line":55,"column":6},"end":{"line":55,"column":12}},"21":{"start":{"line":57,"column":4},"end":{"line":57,"column":27}},"22":{"start":{"line":61,"column":2},"end":{"line":71,"column":3}},"23":{"start":{"line":62,"column":4},"end":{"line":70,"column":5}},"24":{"start":{"line":63,"column":6},"end":{"line":69,"column":7}},"25":{"start":{"line":64,"column":30},"end":{"line":64,"column":63}},"26":{"start":{"line":65,"column":8},"end":{"line":65,"column":48}},"27":{"start":{"line":66,"column":8},"end":{"line":66,"column":27}},"28":{"start":{"line":68,"column":8},"end":{"line":68,"column":83}},"29":{"start":{"line":74,"column":2},"end":{"line":74,"column":130}},"30":{"start":{"line":85,"column":17},"end":{"line":85,"column":47}},"31":{"start":{"line":86,"column":2},"end":{"line":86,"column":36}},"32":{"start":{"line":93,"column":2},"end":{"line":93,"column":21}},"33":{"start":{"line":101,"column":2},"end":{"line":101,"column":21}},"34":{"start":{"line":104,"column":0},"end":{"line":109,"column":2}}},"fnMap":{"0":{"name":"loadConfig","decl":{"start":{"line":18,"column":9},"end":{"line":18,"column":19}},"loc":{"start":{"line":18,"column":40},"end":{"line":75,"column":1}},"line":18},"1":{"name":"getConfig","decl":{"start":{"line":84,"column":9},"end":{"line":84,"column":18}},"loc":{"start":{"line":84,"column":44},"end":{"line":87,"column":1}},"line":84},"2":{"name":"resetConfig","decl":{"start":{"line":92,"column":9},"end":{"line":92,"column":20}},"loc":{"start":{"line":92,"column":23},"end":{"line":94,"column":1}},"line":92},"3":{"name":"setConfig","decl":{"start":{"line":100,"column":9},"end":{"line":100,"column":18}},"loc":{"start":{"line":100,"column":24},"end":{"line":102,"column":1}},"line":100}},"branchMap":{"0":{"loc":{"start":{"line":20,"column":2},"end":{"line":22,"column":3}},"type":"if","locations":[{"start":{"line":20,"column":2},"end":{"line":22,"column":3}},{"start":{},"end":{}}],"line":20},"1":{"loc":{"start":{"line":25,"column":2},"end":{"line":28,"column":3}},"type":"if","locations":[{"start":{"line":25,"column":2},"end":{"line":28,"column":3}},{"start":{},"end":{}}],"line":25},"2":{"loc":{"start":{"line":25,"column":6},"end":{"line":25,"column":66}},"type":"binary-expr","locations":[{"start":{"line":25,"column":6},"end":{"line":25,"column":24}},{"start":{"line":25,"column":28},"end":{"line":25,"column":66}}],"line":25},"3":{"loc":{"start":{"line":34,"column":2},"end":{"line":36,"column":3}},"type":"if","locations":[{"start":{"line":34,"column":2},"end":{"line":36,"column":3}},{"start":{},"end":{}}],"line":34},"4":{"loc":{"start":{"line":34,"column":6},"end":{"line":34,"column":66}},"type":"binary-expr","locations":[{"start":{"line":34,"column":6},"end":{"line":34,"column":24}},{"start":{"line":34,"column":28},"end":{"line":34,"column":66}}],"line":34},"5":{"loc":{"start":{"line":48,"column":4},"end":{"line":50,"column":5}},"type":"if","locations":[{"start":{"line":48,"column":4},"end":{"line":50,"column":5}},{"start":{},"end":{}}],"line":48},"6":{"loc":{"start":{"line":48,"column":8},"end":{"line":48,"column":81}},"type":"binary-expr","locations":[{"start":{"line":48,"column":8},"end":{"line":48,"column":38}},{"start":{"line":48,"column":42},"end":{"line":48,"column":81}}],"line":48},"7":{"loc":{"start":{"line":54,"column":4},"end":{"line":56,"column":5}},"type":"if","locations":[{"start":{"line":54,"column":4},"end":{"line":56,"column":5}},{"start":{},"end":{}}],"line":54},"8":{"loc":{"start":{"line":62,"column":4},"end":{"line":70,"column":5}},"type":"if","locations":[{"start":{"line":62,"column":4},"end":{"line":70,"column":5}},{"start":{},"end":{}}],"line":62},"9":{"loc":{"start":{"line":86,"column":9},"end":{"line":86,"column":35}},"type":"cond-expr","locations":[{"start":{"line":86,"column":15},"end":{"line":86,"column":26}},{"start":{"line":86,"column":29},"end":{"line":86,"column":35}}],"line":86}},"s":{"0":1,"1":1,"2":1,"3":4,"4":3,"5":1,"6":0,"7":0,"8":1,"9":1,"10":0,"11":1,"12":1,"13":1,"14":5,"15":5,"16":5,"17":0,"18":5,"19":5,"20":0,"21":5,"22":1,"23":1,"24":1,"25":1,"26":1,"27":1,"28":0,"29":0,"30":4,"31":4,"32":1,"33":2,"34":1},"f":{"0":4,"1":4,"2":1,"3":2},"b":{"0":[3,1],"1":[0,1],"2":[1,0],"3":[0,1],"4":[1,0],"5":[0,5],"6":[5,1],"7":[0,5],"8":[1,0],"9":[4,0]},"_coverageSchema":"1a1c01bbd47fc00a2c39e90264f33305004495a9","hash":"3a714ca9cc222554d118b86d5438c2de6520303b"}
,"/Users/huangyuxiang/Desktop/github/guanyierp/lib/main.js": {"path":"/Users/huangyuxiang/Desktop/github/guanyierp/lib/main.js","statementMap":{"0":{"start":{"line":5,"column":4},"end":{"line":5,"column":23}},"1":{"start":{"line":6,"column":13},"end":{"line":6,"column":36}},"2":{"start":{"line":7,"column":16},"end":{"line":7,"column":42}},"3":{"start":{"line":8,"column":17},"end":{"line":8,"column":44}},"4":{"start":{"line":9,"column":13},"end":{"line":9,"column":36}},"5":{"start":{"line":10,"column":14},"end":{"line":10,"column":38}},"6":{"start":{"line":11,"column":14},"end":{"line":11,"column":38}},"7":{"start":{"line":14,"column":0},"end":{"line":23,"column":2}}},"fnMap":{},"branchMap":{},"s":{"0":1,"1":1,"2":1,"3":1,"4":1,"5":1,"6":1,"7":1},"f":{},"b":{},"_coverageSchema":"1a1c01bbd47fc00a2c39e90264f33305004495a9","hash":"b0457a419e86a2365d65a0118dfa80c0e6d46f73"}
,"/Users/huangyuxiang/Desktop/github/guanyierp/lib/class/Base.js": {"path":"/Users/huangyuxiang/Desktop/github/guanyierp/lib/class/Base.js","statementMap":{"0":{"start":{"line":2,"column":16},"end":{"line":2,"column":34}},"1":{"start":{"line":3,"column":15},"end":{"line":3,"column":32}},"2":{"start":{"line":4,"column":15},"end":{"line":4,"column":35}},"3":{"start":{"line":8,"column":2},"end":{"line":8,"column":50}},"4":{"start":{"line":9,"column":2},"end":{"line":9,"column":58}},"5":{"start":{"line":17,"column":17},"end":{"line":17,"column":19}},"6":{"start":{"line":18,"column":2},"end":{"line":23,"column":3}},"7":{"start":{"line":20,"column":3},"end":{"line":22,"column":4}},"8":{"start":{"line":21,"column":4},"end":{"line":21,"column":27}},"9":{"start":{"line":24,"column":2},"end":{"line":24,"column":16}},"10":{"start":{"line":28,"column":2},"end":{"line":30,"column":3}},"11":{"start":{"line":29,"column":3},"end":{"line":29,"column":26}},"12":{"start":{"line":31,"column":2},"end":{"line":31,"column":15}},"13":{"start":{"line":35,"column":14},"end":{"line":37,"column":46}},"14":{"start":{"line":38,"column":8},"end":{"line":38,"column":24}},"15":{"start":{"line":39,"column":15},"end":{"line":39,"column":39}},"16":{"start":{"line":40,"column":2},"end":{"line":40,"column":19}},"17":{"start":{"line":41,"column":2},"end":{"line":41,"column":42}},"18":{"start":{"line":45,"column":15},"end":{"line":45,"column":50}},"19":{"start":{"line":46,"column":15},"end":{"line":49,"column":3}},"20":{"start":{"line":50,"column":2},"end":{"line":50,"column":19}},"21":{"start":{"line":51,"column":2},"end":{"line":76,"column":5}},"22":{"start":{"line":52,"column":3},"end":{"line":75,"column":6}},"23":{"start":{"line":62,"column":4},"end":{"line":74,"column":5}},"24":{"start":{"line":63,"column":5},"end":{"line":66,"column":7}},"25":{"start":{"line":67,"column":11},"end":{"line":74,"column":5}},"26":{"start":{"line":68,"column":5},"end":{"line":71,"column":7}},"27":{"start":{"line":73,"column":5},"end":{"line":73,"column":19}},"28":{"start":{"line":80,"column":0},"end":{"line":80,"column":22}}},"fnMap":{"0":{"name":"(anonymous_0)","decl":{"start":{"line":7,"column":1},"end":{"line":7,"column":2}},"loc":{"start":{"line":7,"column":15},"end":{"line":10,"column":2}},"line":7},"1":{"name":"(anonymous_1)","decl":{"start":{"line":16,"column":1},"end":{"line":16,"column":2}},"loc":{"start":{"line":16,"column":30},"end":{"line":25,"column":2}},"line":16},"2":{"name":"(anonymous_2)","decl":{"start":{"line":27,"column":1},"end":{"line":27,"column":2}},"loc":{"start":{"line":27,"column":26},"end":{"line":32,"column":2}},"line":27},"3":{"name":"(anonymous_3)","decl":{"start":{"line":34,"column":1},"end":{"line":34,"column":2}},"loc":{"start":{"line":34,"column":15},"end":{"line":42,"column":2}},"line":34},"4":{"name":"(anonymous_4)","decl":{"start":{"line":44,"column":1},"end":{"line":44,"column":2}},"loc":{"start":{"line":44,"column":19},"end":{"line":77,"column":2}},"line":44},"5":{"name":"(anonymous_5)","decl":{"start":{"line":51,"column":21},"end":{"line":51,"column":22}},"loc":{"start":{"line":51,"column":42},"end":{"line":76,"column":3}},"line":51},"6":{"name":"(anonymous_6)","decl":{"start":{"line":61,"column":6},"end":{"line":61,"column":7}},"loc":{"start":{"line":61,"column":33},"end":{"line":75,"column":4}},"line":61}},"branchMap":{"0":{"loc":{"start":{"line":20,"column":3},"end":{"line":22,"column":4}},"type":"if","locations":[{"start":{"line":20,"column":3},"end":{"line":22,"column":4}},{"start":{},"end":{}}],"line":20},"1":{"loc":{"start":{"line":62,"column":4},"end":{"line":74,"column":5}},"type":"if","locations":[{"start":{"line":62,"column":4},"end":{"line":74,"column":5}},{"start":{"line":67,"column":11},"end":{"line":74,"column":5}}],"line":62},"2":{"loc":{"start":{"line":67,"column":11},"end":{"line":74,"column":5}},"type":"if","locations":[{"start":{"line":67,"column":11},"end":{"line":74,"column":5}},{"start":{"line":72,"column":11},"end":{"line":74,"column":5}}],"line":67}},"s":{"0":1,"1":1,"2":1,"3":2,"4":2,"5":0,"6":0,"7":0,"8":0,"9":0,"10":0,"11":0,"12":0,"13":0,"14":0,"15":0,"16":0,"17":0,"18":0,"19":0,"20":0,"21":0,"22":0,"23":0,"24":0,"25":0,"26":0,"27":0,"28":1},"f":{"0":2,"1":0,"2":0,"3":0,"4":0,"5":0,"6":0},"b":{"0":[0,0],"1":[0,0],"2":[0,0]},"_coverageSchema":"1a1c01bbd47fc00a2c39e90264f33305004495a9","hash":"d8671c4ef36dd2a05bd8350daec50efc33a29c4b"}
,"/Users/huangyuxiang/Desktop/github/guanyierp/lib/class/Product.js": {"path":"/Users/huangyuxiang/Desktop/github/guanyierp/lib/class/Product.js","statementMap":{"0":{"start":{"line":1,"column":13},"end":{"line":1,"column":30}},"1":{"start":{"line":8,"column":2},"end":{"line":8,"column":10}},"2":{"start":{"line":26,"column":15},"end":{"line":34,"column":3}},"3":{"start":{"line":35,"column":17},"end":{"line":35,"column":62}},"4":{"start":{"line":36,"column":2},"end":{"line":36,"column":16}},"5":{"start":{"line":39,"column":0},"end":{"line":39,"column":25}}},"fnMap":{"0":{"name":"(anonymous_0)","decl":{"start":{"line":7,"column":1},"end":{"line":7,"column":2}},"loc":{"start":{"line":7,"column":15},"end":{"line":9,"column":2}},"line":7},"1":{"name":"(anonymous_1)","decl":{"start":{"line":16,"column":1},"end":{"line":16,"column":2}},"loc":{"start":{"line":16,"column":20},"end":{"line":37,"column":2}},"line":16}},"branchMap":{},"s":{"0":1,"1":0,"2":0,"3":0,"4":0,"5":1},"f":{"0":0,"1":0},"b":{},"_coverageSchema":"1a1c01bbd47fc00a2c39e90264f33305004495a9","hash":"21a40baf2e17f7a17556d1745550d0fd650545aa"}
,"/Users/huangyuxiang/Desktop/github/guanyierp/lib/class/Purchase.js": {"path":"/Users/huangyuxiang/Desktop/github/guanyierp/lib/class/Purchase.js","statementMap":{"0":{"start":{"line":1,"column":13},"end":{"line":1,"column":30}},"1":{"start":{"line":7,"column":2},"end":{"line":7,"column":10}},"2":{"start":{"line":30,"column":15},"end":{"line":43,"column":3}},"3":{"start":{"line":44,"column":17},"end":{"line":44,"column":62}},"4":{"start":{"line":45,"column":2},"end":{"line":45,"column":16}},"5":{"start":{"line":48,"column":0},"end":{"line":48,"column":26}}},"fnMap":{"0":{"name":"(anonymous_0)","decl":{"start":{"line":6,"column":1},"end":{"line":6,"column":2}},"loc":{"start":{"line":6,"column":15},"end":{"line":8,"column":2}},"line":6},"1":{"name":"(anonymous_1)","decl":{"start":{"line":15,"column":1},"end":{"line":15,"column":2}},"loc":{"start":{"line":15,"column":20},"end":{"line":46,"column":2}},"line":15}},"branchMap":{},"s":{"0":1,"1":0,"2":0,"3":0,"4":0,"5":1},"f":{"0":0,"1":0},"b":{},"_coverageSchema":"1a1c01bbd47fc00a2c39e90264f33305004495a9","hash":"14b246059390180f879d653c31bb3d30564b8a12"}
,"/Users/huangyuxiang/Desktop/github/guanyierp/lib/class/Shop.js": {"path":"/Users/huangyuxiang/Desktop/github/guanyierp/lib/class/Shop.js","statementMap":{"0":{"start":{"line":1,"column":13},"end":{"line":1,"column":30}},"1":{"start":{"line":7,"column":2},"end":{"line":7,"column":10}},"2":{"start":{"line":25,"column":15},"end":{"line":33,"column":3}},"3":{"start":{"line":34,"column":17},"end":{"line":34,"column":62}},"4":{"start":{"line":35,"column":2},"end":{"line":35,"column":16}},"5":{"start":{"line":38,"column":0},"end":{"line":38,"column":22}}},"fnMap":{"0":{"name":"(anonymous_0)","decl":{"start":{"line":6,"column":1},"end":{"line":6,"column":2}},"loc":{"start":{"line":6,"column":15},"end":{"line":8,"column":2}},"line":6},"1":{"name":"(anonymous_1)","decl":{"start":{"line":15,"column":1},"end":{"line":15,"column":2}},"loc":{"start":{"line":15,"column":20},"end":{"line":36,"column":2}},"line":15}},"branchMap":{},"s":{"0":1,"1":0,"2":0,"3":0,"4":0,"5":1},"f":{"0":0,"1":0},"b":{},"_coverageSchema":"1a1c01bbd47fc00a2c39e90264f33305004495a9","hash":"42a2dafc9c83082e2a81b7184d82e88a7a00e47b"}
,"/Users/huangyuxiang/Desktop/github/guanyierp/lib/class/Stock.js": {"path":"/Users/huangyuxiang/Desktop/github/guanyierp/lib/class/Stock.js","statementMap":{"0":{"start":{"line":1,"column":13},"end":{"line":1,"column":30}},"1":{"start":{"line":7,"column":2},"end":{"line":7,"column":9}},"2":{"start":{"line":30,"column":15},"end":{"line":42,"column":3}},"3":{"start":{"line":43,"column":17},"end":{"line":43,"column":62}},"4":{"start":{"line":44,"column":2},"end":{"line":44,"column":15}},"5":{"start":{"line":47,"column":0},"end":{"line":47,"column":22}}},"fnMap":{"0":{"name":"(anonymous_0)","decl":{"start":{"line":6,"column":1},"end":{"line":6,"column":2}},"loc":{"start":{"line":6,"column":15},"end":{"line":8,"column":2}},"line":6},"1":{"name":"(anonymous_1)","decl":{"start":{"line":15,"column":1},"end":{"line":15,"column":2}},"loc":{"start":{"line":15,"column":20},"end":{"line":45,"column":2}},"line":15}},"branchMap":{},"s":{"0":1,"1":0,"2":0,"3":0,"4":0,"5":1},"f":{"0":0,"1":0},"b":{},"_coverageSchema":"1a1c01bbd47fc00a2c39e90264f33305004495a9","hash":"d7b0277844d97e40659099ac57ec9800593cea06"}
,"/Users/huangyuxiang/Desktop/github/guanyierp/lib/class/Trade.js": {"path":"/Users/huangyuxiang/Desktop/github/guanyierp/lib/class/Trade.js","statementMap":{"0":{"start":{"line":1,"column":13},"end":{"line":1,"column":30}},"1":{"start":{"line":8,"column":2},"end":{"line":8,"column":10}},"2":{"start":{"line":41,"column":15},"end":{"line":65,"column":3}},"3":{"start":{"line":66,"column":17},"end":{"line":66,"column":62}},"4":{"start":{"line":67,"column":2},"end":{"line":67,"column":16}},"5":{"start":{"line":76,"column":15},"end":{"line":86,"column":3}},"6":{"start":{"line":87,"column":17},"end":{"line":87,"column":62}},"7":{"start":{"line":88,"column":2},"end":{"line":88,"column":16}},"8":{"start":{"line":91,"column":0},"end":{"line":91,"column":23}}},"fnMap":{"0":{"name":"(anonymous_0)","decl":{"start":{"line":7,"column":1},"end":{"line":7,"column":2}},"loc":{"start":{"line":7,"column":15},"end":{"line":9,"column":2}},"line":7},"1":{"name":"(anonymous_1)","decl":{"start":{"line":16,"column":1},"end":{"line":16,"column":2}},"loc":{"start":{"line":16,"column":28},"end":{"line":68,"column":2}},"line":16},"2":{"name":"(anonymous_2)","decl":{"start":{"line":75,"column":1},"end":{"line":75,"column":2}},"loc":{"start":{"line":75,"column":35},"end":{"line":89,"column":2}},"line":75}},"branchMap":{},"s":{"0":1,"1":0,"2":0,"3":0,"4":0,"5":0,"6":0,"7":0,"8":1},"f":{"0":0,"1":0,"2":0},"b":{},"_coverageSchema":"1a1c01bbd47fc00a2c39e90264f33305004495a9","hash":"9daf28ca638b7ec1d5d1c6b4e7ce86cdc7b07e4e"}
}
