TN:
SF:lib/config.js
FN:18,loadConfig
FN:84,getConfig
FN:92,resetConfig
FN:100,setConfig
FNF:4
FNH:4
FNDA:4,loadConfig
FNDA:4,getConfig
FNDA:1,resetConfig
FNDA:2,setConfig
DA:1,1
DA:2,1
DA:5,1
DA:20,4
DA:21,3
DA:25,1
DA:26,0
DA:27,0
DA:31,1
DA:34,1
DA:35,0
DA:39,1
DA:43,1
DA:44,1
DA:45,5
DA:46,5
DA:48,5
DA:49,0
DA:53,5
DA:54,5
DA:55,0
DA:57,5
DA:61,1
DA:62,1
DA:63,1
DA:64,1
DA:65,1
DA:66,1
DA:68,0
DA:74,0
DA:85,4
DA:86,4
DA:93,1
DA:101,2
DA:104,1
LF:35
LH:28
BRDA:20,0,0,3
BRDA:20,0,1,1
BRDA:25,1,0,0
BRDA:25,1,1,1
BRDA:25,2,0,1
BRDA:25,2,1,0
BRDA:34,3,0,0
BRDA:34,3,1,1
BRDA:34,4,0,1
BRDA:34,4,1,0
BRDA:48,5,0,0
BRDA:48,5,1,5
BRDA:48,6,0,5
BRDA:48,6,1,1
BRDA:54,7,0,0
BRDA:54,7,1,5
BRDA:62,8,0,1
BRDA:62,8,1,0
BRDA:86,9,0,4
BRDA:86,9,1,0
BRF:20
BRH:12
end_of_record
TN:
SF:lib/main.js
FNF:0
FNH:0
DA:5,1
DA:6,1
DA:7,1
DA:8,1
DA:9,1
DA:10,1
DA:11,1
DA:14,1
LF:8
LH:8
BRF:0
BRH:0
end_of_record
TN:
SF:lib/class/Base.js
FN:7,(anonymous_0)
FN:16,(anonymous_1)
FN:27,(anonymous_2)
FN:34,(anonymous_3)
FN:44,(anonymous_4)
FN:51,(anonymous_5)
FN:61,(anonymous_6)
FNF:7
FNH:1
FNDA:2,(anonymous_0)
FNDA:0,(anonymous_1)
FNDA:0,(anonymous_2)
FNDA:0,(anonymous_3)
FNDA:0,(anonymous_4)
FNDA:0,(anonymous_5)
FNDA:0,(anonymous_6)
DA:2,1
DA:3,1
DA:4,1
DA:8,2
DA:9,2
DA:17,0
DA:18,0
DA:20,0
DA:21,0
DA:24,0
DA:28,0
DA:29,0
DA:31,0
DA:35,0
DA:38,0
DA:39,0
DA:40,0
DA:41,0
DA:45,0
DA:46,0
DA:50,0
DA:51,0
DA:52,0
DA:62,0
DA:63,0
DA:67,0
DA:68,0
DA:73,0
DA:80,1
LF:29
LH:6
BRDA:20,0,0,0
BRDA:20,0,1,0
BRDA:62,1,0,0
BRDA:62,1,1,0
BRDA:67,2,0,0
BRDA:67,2,1,0
BRF:6
BRH:0
end_of_record
TN:
SF:lib/class/Product.js
FN:7,(anonymous_0)
FN:16,(anonymous_1)
FNF:2
FNH:0
FNDA:0,(anonymous_0)
FNDA:0,(anonymous_1)
DA:1,1
DA:8,0
DA:26,0
DA:35,0
DA:36,0
DA:39,1
LF:6
LH:2
BRF:0
BRH:0
end_of_record
TN:
SF:lib/class/Purchase.js
FN:6,(anonymous_0)
FN:15,(anonymous_1)
FNF:2
FNH:0
FNDA:0,(anonymous_0)
FNDA:0,(anonymous_1)
DA:1,1
DA:7,0
DA:30,0
DA:44,0
DA:45,0
DA:48,1
LF:6
LH:2
BRF:0
BRH:0
end_of_record
TN:
SF:lib/class/Shop.js
FN:6,(anonymous_0)
FN:15,(anonymous_1)
FNF:2
FNH:0
FNDA:0,(anonymous_0)
FNDA:0,(anonymous_1)
DA:1,1
DA:7,0
DA:25,0
DA:34,0
DA:35,0
DA:38,1
LF:6
LH:2
BRF:0
BRH:0
end_of_record
TN:
SF:lib/class/Stock.js
FN:6,(anonymous_0)
FN:15,(anonymous_1)
FNF:2
FNH:0
FNDA:0,(anonymous_0)
FNDA:0,(anonymous_1)
DA:1,1
DA:7,0
DA:30,0
DA:43,0
DA:44,0
DA:47,1
LF:6
LH:2
BRF:0
BRH:0
end_of_record
TN:
SF:lib/class/Trade.js
FN:7,(anonymous_0)
FN:16,(anonymous_1)
FN:75,(anonymous_2)
FNF:3
FNH:0
FNDA:0,(anonymous_0)
FNDA:0,(anonymous_1)
FNDA:0,(anonymous_2)
DA:1,1
DA:8,0
DA:41,0
DA:66,0
DA:67,0
DA:76,0
DA:87,0
DA:88,0
DA:91,1
LF:9
LH:2
BRF:0
BRH:0
end_of_record
